<?xml version="1.0" encoding="UTF-8"?>
<!-- Generated by org.testng.reporters.JUnitReportReporter -->
<testsuite hostname="LAPTOP-V6FB1HFO" failures="0" tests="1" name="testcases.OnewayTripTest" time="36.880" errors="0" timestamp="2023-03-30T16:52:46 IST" skipped="0">
  <testcase classname="testcases.OnewayTripTest" name="Onewaytrip" time="36.880"/>
  <system-out/>
</testsuite> <!-- testcases.OnewayTripTest -->
