<?xml version="1.0" encoding="UTF-8"?>
<!-- Generated by org.testng.reporters.JUnitReportReporter -->
<testsuite hostname="LAPTOP-V6FB1HFO" failures="0" tests="1" name="testcases.LoginTest" time="10.078" errors="0" timestamp="2023-03-30T18:43:52 IST" skipped="0">
  <testcase classname="testcases.LoginTest" name="LoginwithInValidCredentials" time="10.078"/>
  <system-out/>
</testsuite> <!-- testcases.LoginTest -->
